<?xml version="1.0" encoding="UTF-8"?>
<testng-results skipped="0" failed="0" ignored="0" total="1" passed="1">
  <reporter-output>
  </reporter-output>
  <suite name="Default suite" duration-ms="5524" started-at="2017-09-03T22:11:05Z" finished-at="2017-09-03T22:11:11Z">
    <groups>
    </groups>
    <test name="Default test" duration-ms="5524" started-at="2017-09-03T22:11:05Z" finished-at="2017-09-03T22:11:11Z">
      <class name="Celfar.NewTest">
        <test-method status="PASS" signature="beforeClass()[pri:0, instance:Celfar.NewTest@26be92ad]" name="beforeClass" is-config="true" duration-ms="3055" started-at="2017-09-03T19:11:05Z" finished-at="2017-09-03T19:11:08Z">
          <reporter-output>
          </reporter-output>
        </test-method> <!-- beforeClass -->
        <test-method status="PASS" signature="f()[pri:0, instance:Celfar.NewTest@26be92ad]" name="f" duration-ms="2454" started-at="2017-09-03T19:11:08Z" finished-at="2017-09-03T19:11:11Z">
          <reporter-output>
          </reporter-output>
        </test-method> <!-- f -->
        <test-method status="PASS" signature="afterClass()[pri:0, instance:Celfar.NewTest@26be92ad]" name="afterClass" is-config="true" duration-ms="0" started-at="2017-09-03T19:11:11Z" finished-at="2017-09-03T19:11:11Z">
          <reporter-output>
          </reporter-output>
        </test-method> <!-- afterClass -->
      </class> <!-- Celfar.NewTest -->
    </test> <!-- Default test -->
  </suite> <!-- Default suite -->
</testng-results>
